This is pdfTeX, Version 3.14159265-2.6-1.40.21 (TeX Live 2020/W32TeX) (preloaded format=pdflatex 2020.12.21)  27 MAR 2021 17:31
entering extended mode
 restricted \write18 enabled.
 file:line:error style messages enabled.
 %&-line parsing enabled.
**"c:/Users/boboi/Desktop/ANUL IV/SEM II/LFA/fuzzy-ip-scheduler/documentation/documentation.tex"
(c:/Users/boboi/Desktop/ANUL IV/SEM II/LFA/fuzzy-ip-scheduler/documentation/documentation.tex
LaTeX2e <2020-10-01> patch level 2
L3 programming layer <2020-12-07> xparse <2020-03-03> (c:/texlive/2020/texmf-dist/tex/latex/base/article.cls
Document Class: article 2020/04/10 v1.4m Standard LaTeX document class
(c:/texlive/2020/texmf-dist/tex/latex/base/size12.clo
File: size12.clo 2020/04/10 v1.4m Standard LaTeX file (size option)
)
\c@part=\count177
\c@section=\count178
\c@subsection=\count179
\c@subsubsection=\count180
\c@paragraph=\count181
\c@subparagraph=\count182
\c@figure=\count183
\c@table=\count184
\abovecaptionskip=\skip47
\belowcaptionskip=\skip48
\bibindent=\dimen138
) (c:/texlive/2020/texmf-dist/tex/latex/geometry/geometry.sty
Package: geometry 2020/01/02 v5.9 Page Geometry
 (c:/texlive/2020/texmf-dist/tex/latex/graphics/keyval.sty
Package: keyval 2014/10/28 v1.15 key=value parser (DPC)
\KV@toks@=\toks15
) (c:/texlive/2020/texmf-dist/tex/generic/iftex/ifvtex.sty
Package: ifvtex 2019/10/25 v1.7 ifvtex legacy package. Use iftex instead.
 (c:/texlive/2020/texmf-dist/tex/generic/iftex/iftex.sty
Package: iftex 2020/03/06 v1.0d TeX engine tests
))
\Gm@cnth=\count185
\Gm@cntv=\count186
\c@Gm@tempcnt=\count187
\Gm@bindingoffset=\dimen139
\Gm@wd@mp=\dimen140
\Gm@odd@mp=\dimen141
\Gm@even@mp=\dimen142
\Gm@layoutwidth=\dimen143
\Gm@layoutheight=\dimen144
\Gm@layouthoffset=\dimen145
\Gm@layoutvoffset=\dimen146
\Gm@dimlist=\toks16
) (c:/texlive/2020/texmf-dist/tex/latex/hyperref/hyperref.sty
Package: hyperref 2020-05-15 v7.00e Hypertext links for LaTeX
 (c:/texlive/2020/texmf-dist/tex/generic/ltxcmds/ltxcmds.sty
Package: ltxcmds 2020-05-10 v1.25 LaTeX kernel commands for general use (HO)
) (c:/texlive/2020/texmf-dist/tex/generic/pdftexcmds/pdftexcmds.sty
Package: pdftexcmds 2020-06-27 v0.33 Utility functions of pdfTeX for LuaTeX (HO)
 (c:/texlive/2020/texmf-dist/tex/generic/infwarerr/infwarerr.sty
Package: infwarerr 2019/12/03 v1.5 Providing info/warning/error messages (HO)
)
Package pdftexcmds Info: \pdf@primitive is available.
Package pdftexcmds Info: \pdf@ifprimitive is available.
Package pdftexcmds Info: \pdfdraftmode found.
) (c:/texlive/2020/texmf-dist/tex/generic/kvsetkeys/kvsetkeys.sty
Package: kvsetkeys 2019/12/15 v1.18 Key value parser (HO)
) (c:/texlive/2020/texmf-dist/tex/generic/kvdefinekeys/kvdefinekeys.sty
Package: kvdefinekeys 2019-12-19 v1.6 Define keys (HO)
) (c:/texlive/2020/texmf-dist/tex/generic/pdfescape/pdfescape.sty
Package: pdfescape 2019/12/09 v1.15 Implements pdfTeX's escape features (HO)
) (c:/texlive/2020/texmf-dist/tex/latex/hycolor/hycolor.sty
Package: hycolor 2020-01-27 v1.10 Color options for hyperref/bookmark (HO)
) (c:/texlive/2020/texmf-dist/tex/latex/letltxmacro/letltxmacro.sty
Package: letltxmacro 2019/12/03 v1.6 Let assignment for LaTeX macros (HO)
) (c:/texlive/2020/texmf-dist/tex/latex/auxhook/auxhook.sty
Package: auxhook 2019-12-17 v1.6 Hooks for auxiliary files (HO)
) (c:/texlive/2020/texmf-dist/tex/latex/kvoptions/kvoptions.sty
Package: kvoptions 2020-10-07 v3.14 Key value format for package options (HO)
)
\@linkdim=\dimen147
\Hy@linkcounter=\count188
\Hy@pagecounter=\count189
 (c:/texlive/2020/texmf-dist/tex/latex/hyperref/pd1enc.def
File: pd1enc.def 2020-05-15 v7.00e Hyperref: PDFDocEncoding definition (HO)
Now handling font encoding PD1 ...
... no UTF-8 mapping file for font encoding PD1
) (c:/texlive/2020/texmf-dist/tex/generic/intcalc/intcalc.sty
Package: intcalc 2019/12/15 v1.3 Expandable calculations with integers (HO)
) (c:/texlive/2020/texmf-dist/tex/generic/etexcmds/etexcmds.sty
Package: etexcmds 2019/12/15 v1.7 Avoid name clashes with e-TeX commands (HO)
)
\Hy@SavedSpaceFactor=\count190
Package hyperref Info: Hyper figures OFF on input line 4464.
Package hyperref Info: Link nesting OFF on input line 4469.
Package hyperref Info: Hyper index ON on input line 4472.
Package hyperref Info: Plain pages OFF on input line 4479.
Package hyperref Info: Backreferencing OFF on input line 4484.
Package hyperref Info: Implicit mode ON; LaTeX internals redefined.
Package hyperref Info: Bookmarks ON on input line 4717.
\c@Hy@tempcnt=\count191
 (c:/texlive/2020/texmf-dist/tex/latex/url/url.sty
\Urlmuskip=\muskip16
Package: url 2013/09/16  ver 3.4  Verb mode for urls, etc.
)
LaTeX Info: Redefining \url on input line 5076.
\XeTeXLinkMargin=\dimen148
 (c:/texlive/2020/texmf-dist/tex/generic/bitset/bitset.sty
Package: bitset 2019/12/09 v1.3 Handle bit-vector datatype (HO)
 (c:/texlive/2020/texmf-dist/tex/generic/bigintcalc/bigintcalc.sty
Package: bigintcalc 2019/12/15 v1.5 Expandable calculations on big integers (HO)
))
\Fld@menulength=\count192
\Field@Width=\dimen149
\Fld@charsize=\dimen150
Package hyperref Info: Hyper figures OFF on input line 6347.
Package hyperref Info: Link nesting OFF on input line 6352.
Package hyperref Info: Hyper index ON on input line 6355.
Package hyperref Info: backreferencing OFF on input line 6362.
Package hyperref Info: Link coloring OFF on input line 6367.
Package hyperref Info: Link coloring with OCG OFF on input line 6372.
Package hyperref Info: PDF/A mode OFF on input line 6377.
LaTeX Info: Redefining \ref on input line 6417.
LaTeX Info: Redefining \pageref on input line 6421.
 (c:/texlive/2020/texmf-dist/tex/latex/base/atbegshi-ltx.sty
Package: atbegshi-ltx 2020/08/17 v1.0a Emulation of the original atbegshi package
with kernel methods
)
\Hy@abspage=\count193
\c@Item=\count194
\c@Hfootnote=\count195
)
Package hyperref Info: Driver (autodetected): hpdftex.
 (c:/texlive/2020/texmf-dist/tex/latex/hyperref/hpdftex.def
File: hpdftex.def 2020-05-15 v7.00e Hyperref driver for pdfTeX
 (c:/texlive/2020/texmf-dist/tex/latex/base/atveryend-ltx.sty
Package: atveryend-ltx 2020/08/19 v1.0a Emulation of the original atvery package
with kernel methods
)
\Fld@listcount=\count196
\c@bookmark@seq@number=\count197
 (c:/texlive/2020/texmf-dist/tex/latex/rerunfilecheck/rerunfilecheck.sty
Package: rerunfilecheck 2019/12/05 v1.9 Rerun checks for auxiliary files (HO)
 (c:/texlive/2020/texmf-dist/tex/generic/uniquecounter/uniquecounter.sty
Package: uniquecounter 2019/12/15 v1.4 Provide unlimited unique counter (HO)
)
Package uniquecounter Info: New unique counter `rerunfilecheck' on input line 286.
)
\Hy@SectionHShift=\skip49
) (c:/texlive/2020/texmf-dist/tex/latex/enumitem/enumitem.sty
Package: enumitem 2019/06/20 v3.9 Customized lists
\labelindent=\skip50
\enit@outerparindent=\dimen151
\enit@toks=\toks17
\enit@inbox=\box47
\enit@count@id=\count198
\enitdp@description=\count199
) (c:/texlive/2020/texmf-dist/tex/latex/graphics/graphicx.sty
Package: graphicx 2020/09/09 v1.2b Enhanced LaTeX Graphics (DPC,SPQR)
 (c:/texlive/2020/texmf-dist/tex/latex/graphics/graphics.sty
Package: graphics 2020/08/30 v1.4c Standard LaTeX Graphics (DPC,SPQR)
 (c:/texlive/2020/texmf-dist/tex/latex/graphics/trig.sty
Package: trig 2016/01/03 v1.10 sin cos tan (DPC)
) (c:/texlive/2020/texmf-dist/tex/latex/graphics-cfg/graphics.cfg
File: graphics.cfg 2016/06/04 v1.11 sample graphics configuration
)
Package graphics Info: Driver file: pdftex.def on input line 105.
 (c:/texlive/2020/texmf-dist/tex/latex/graphics-def/pdftex.def
File: pdftex.def 2020/10/05 v1.2a Graphics/color driver for pdftex
))
\Gin@req@height=\dimen152
\Gin@req@width=\dimen153
) (c:/texlive/2020/texmf-dist/tex/latex/xcolor/xcolor.sty
Package: xcolor 2016/05/11 v2.12 LaTeX color extensions (UK)
 (c:/texlive/2020/texmf-dist/tex/latex/graphics-cfg/color.cfg
File: color.cfg 2016/01/02 v1.6 sample color configuration
)
Package xcolor Info: Driver file: pdftex.def on input line 225.
 (c:/texlive/2020/texmf-dist/tex/latex/colortbl/colortbl.sty
Package: colortbl 2020/01/04 v1.0e Color table columns (DPC)
 (c:/texlive/2020/texmf-dist/tex/latex/tools/array.sty
Package: array 2020/10/01 v2.5c Tabular extension package (FMi)
\col@sep=\dimen154
\ar@mcellbox=\box48
\extrarowheight=\dimen155
\NC@list=\toks18
\extratabsurround=\skip51
\backup@length=\skip52
\ar@cellbox=\box49
)
\everycr=\toks19
\minrowclearance=\skip53
)
\rownum=\count266
Package xcolor Info: Model `cmy' substituted by `cmy0' on input line 1348.
Package xcolor Info: Model `hsb' substituted by `rgb' on input line 1352.
Package xcolor Info: Model `RGB' extended on input line 1364.
Package xcolor Info: Model `HTML' substituted by `rgb' on input line 1366.
Package xcolor Info: Model `Hsb' substituted by `hsb' on input line 1367.
Package xcolor Info: Model `tHsb' substituted by `hsb' on input line 1368.
Package xcolor Info: Model `HSB' substituted by `hsb' on input line 1369.
Package xcolor Info: Model `Gray' substituted by `gray' on input line 1370.
Package xcolor Info: Model `wave' substituted by `hsb' on input line 1371.
) (c:/texlive/2020/texmf-dist/tex/latex/l3backend/l3backend-pdftex.def
File: l3backend-pdftex.def 2020-09-24 L3 backend support: PDF output (pdfTeX)
\l__kernel_color_stack_int=\count267
\l__pdf_internal_box=\box50
) (c:/Users/boboi/Desktop/ANUL IV/SEM II/LFA/fuzzy-ip-scheduler/documentation/documentation.aux)
\openout1 = `documentation.aux'.

LaTeX Font Info:    Checking defaults for OML/cmm/m/it on input line 13.
LaTeX Font Info:    ... okay on input line 13.
LaTeX Font Info:    Checking defaults for OMS/cmsy/m/n on input line 13.
LaTeX Font Info:    ... okay on input line 13.
LaTeX Font Info:    Checking defaults for OT1/cmr/m/n on input line 13.
LaTeX Font Info:    ... okay on input line 13.
LaTeX Font Info:    Checking defaults for T1/cmr/m/n on input line 13.
LaTeX Font Info:    ... okay on input line 13.
LaTeX Font Info:    Checking defaults for TS1/cmr/m/n on input line 13.
LaTeX Font Info:    ... okay on input line 13.
LaTeX Font Info:    Checking defaults for OMX/cmex/m/n on input line 13.
LaTeX Font Info:    ... okay on input line 13.
LaTeX Font Info:    Checking defaults for U/cmr/m/n on input line 13.
LaTeX Font Info:    ... okay on input line 13.
LaTeX Font Info:    Checking defaults for PD1/pdf/m/n on input line 13.
LaTeX Font Info:    ... okay on input line 13.

*geometry* driver: auto-detecting
*geometry* detected driver: pdftex
*geometry* verbose mode - [ preamble ] result:
* driver: pdftex
* paper: a4paper
* layout: <same size as paper>
* layoutoffset:(h,v)=(0.0pt,0.0pt)
* modes: 
* h-part:(L,W,R)=(72.26999pt, 452.9679pt, 72.26999pt)
* v-part:(T,H,B)=(72.26999pt, 700.50687pt, 72.26999pt)
* \paperwidth=597.50787pt
* \paperheight=845.04684pt
* \textwidth=452.9679pt
* \textheight=700.50687pt
* \oddsidemargin=0.0pt
* \evensidemargin=0.0pt
* \topmargin=-37.0pt
* \headheight=12.0pt
* \headsep=25.0pt
* \topskip=12.0pt
* \footskip=30.0pt
* \marginparwidth=44.0pt
* \marginparsep=10.0pt
* \columnsep=10.0pt
* \skip\footins=10.8pt plus 4.0pt minus 2.0pt
* \hoffset=0.0pt
* \voffset=0.0pt
* \mag=1000
* \@twocolumnfalse
* \@twosidefalse
* \@mparswitchfalse
* \@reversemarginfalse
* (1in=72.27pt=25.4mm, 1cm=28.453pt)

Package hyperref Info: Link coloring OFF on input line 13.
(c:/texlive/2020/texmf-dist/tex/latex/hyperref/nameref.sty
Package: nameref 2019/09/16 v2.46 Cross-referencing by name of section
 (c:/texlive/2020/texmf-dist/tex/latex/refcount/refcount.sty
Package: refcount 2019/12/15 v3.6 Data extraction from label references (HO)
) (c:/texlive/2020/texmf-dist/tex/generic/gettitlestring/gettitlestring.sty
Package: gettitlestring 2019/12/15 v1.6 Cleanup title references (HO)
)
\c@section@level=\count268
)
LaTeX Info: Redefining \ref on input line 13.
LaTeX Info: Redefining \pageref on input line 13.
LaTeX Info: Redefining \nameref on input line 13.
 (c:/Users/boboi/Desktop/ANUL IV/SEM II/LFA/fuzzy-ip-scheduler/documentation/documentation.out) (c:/Users/boboi/Desktop/ANUL IV/SEM II/LFA/fuzzy-ip-scheduler/documentation/documentation.out)
\@outlinefile=\write3
\openout3 = `documentation.out'.

 (c:/texlive/2020/texmf-dist/tex/context/base/mkii/supp-pdf.mkii
[Loading MPS to PDF converter (version 2006.09.02).]
\scratchcounter=\count269
\scratchdimen=\dimen156
\scratchbox=\box51
\nofMPsegments=\count270
\nofMParguments=\count271
\everyMPshowfont=\toks20
\MPscratchCnt=\count272
\MPscratchDim=\dimen157
\MPnumerator=\count273
\makeMPintoPDFobject=\count274
\everyMPtoPDFconversion=\toks21
) (c:/texlive/2020/texmf-dist/tex/latex/epstopdf-pkg/epstopdf-base.sty
Package: epstopdf-base 2020-01-24 v2.11 Base part for package epstopdf
Package epstopdf-base Info: Redefining graphics rule for `.eps' on input line 485.
 (c:/texlive/2020/texmf-dist/tex/latex/latexconfig/epstopdf-sys.cfg
File: epstopdf-sys.cfg 2010/07/13 v1.3 Configuration of (r)epstopdf for TeX Live
))
LaTeX Font Info:    External font `cmex10' loaded for size
(Font)              <14.4> on input line 15.
LaTeX Font Info:    External font `cmex10' loaded for size
(Font)              <7> on input line 15.
 [1

{c:/texlive/2020/texmf-var/fonts/map/pdftex/updmap/pdftex.map}] (c:/Users/boboi/Desktop/ANUL IV/SEM II/LFA/fuzzy-ip-scheduler/documentation/documentation.toc
LaTeX Font Info:    External font `cmex10' loaded for size
(Font)              <12> on input line 3.
LaTeX Font Info:    External font `cmex10' loaded for size
(Font)              <8> on input line 3.
LaTeX Font Info:    External font `cmex10' loaded for size
(Font)              <6> on input line 3.
)
\tf@toc=\write4
\openout4 = `documentation.toc'.

 [2] [3]
<images/ip_scheduler.png, id=208, 465.99094pt x 292.09125pt>
File: images/ip_scheduler.png Graphic file (type png)
<use images/ip_scheduler.png>
Package pdftex.def Info: images/ip_scheduler.png  used on input line 52.
(pdftex.def)             Requested size: 362.37569pt x 227.15279pt.
<images/packet_handler.png, id=209, 336.25626pt x 386.44376pt>
File: images/packet_handler.png Graphic file (type png)
<use images/packet_handler.png>
Package pdftex.def Info: images/packet_handler.png  used on input line 60.
(pdftex.def)             Requested size: 203.83417pt x 234.25618pt.
 [4 <c:/Users/boboi/Desktop/ANUL IV/SEM II/LFA/fuzzy-ip-scheduler/documentation/images/ip_scheduler.png>] [5 <c:/Users/boboi/Desktop/ANUL IV/SEM II/LFA/fuzzy-ip-scheduler/documentation/images/packet_handler.png>]
<images/flc.png, id=225, 185.19188pt x 63.23625pt>
File: images/flc.png Graphic file (type png)
<use images/flc.png>
Package pdftex.def Info: images/flc.png  used on input line 88.
(pdftex.def)             Requested size: 181.18439pt x 61.8688pt.
 [6 <c:/Users/boboi/Desktop/ANUL IV/SEM II/LFA/fuzzy-ip-scheduler/documentation/images/flc.png>] [7]

Package hyperref Warning: Token not allowed in a PDF string (PDFDocEncoding):
(hyperref)                removing `math shift' on input line 132.


Package hyperref Warning: Token not allowed in a PDF string (PDFDocEncoding):
(hyperref)                removing `subscript' on input line 132.


Package hyperref Warning: Token not allowed in a PDF string (PDFDocEncoding):
(hyperref)                removing `math shift' on input line 132.

<images/exp_001.png, id=237, 1473.505pt x 584.1825pt>
File: images/exp_001.png Graphic file (type png)
<use images/exp_001.png>
Package pdftex.def Info: images/exp_001.png  used on input line 145.
(pdftex.def)             Requested size: 452.9679pt x 179.57933pt.
[8 <c:/Users/boboi/Desktop/ANUL IV/SEM II/LFA/fuzzy-ip-scheduler/documentation/images/exp_001.png>]
<images/exp_002.png, id=245, 1473.505pt x 584.1825pt>
File: images/exp_002.png Graphic file (type png)
<use images/exp_002.png>
Package pdftex.def Info: images/exp_002.png  used on input line 162.
(pdftex.def)             Requested size: 452.9679pt x 179.57933pt.
<images/exp_003.png, id=246, 1473.505pt x 584.1825pt>
File: images/exp_003.png Graphic file (type png)
<use images/exp_003.png>
Package pdftex.def Info: images/exp_003.png  used on input line 178.
(pdftex.def)             Requested size: 452.9679pt x 179.57933pt.


Package hyperref Warning: Token not allowed in a PDF string (PDFDocEncoding):
(hyperref)                removing `math shift' on input line 182.


Package hyperref Warning: Token not allowed in a PDF string (PDFDocEncoding):
(hyperref)                removing `subscript' on input line 182.


Package hyperref Warning: Token not allowed in a PDF string (PDFDocEncoding):
(hyperref)                removing `math shift' on input line 182.

[9 <c:/Users/boboi/Desktop/ANUL IV/SEM II/LFA/fuzzy-ip-scheduler/documentation/images/exp_002.png> <c:/Users/boboi/Desktop/ANUL IV/SEM II/LFA/fuzzy-ip-scheduler/documentation/images/exp_003.png>]
<images/exp_004.png, id=255, 1473.505pt x 584.1825pt>
File: images/exp_004.png Graphic file (type png)
<use images/exp_004.png>
Package pdftex.def Info: images/exp_004.png  used on input line 195.
(pdftex.def)             Requested size: 452.9679pt x 179.57933pt.
<images/exp_005.png, id=256, 1473.505pt x 584.1825pt>
File: images/exp_005.png Graphic file (type png)
<use images/exp_005.png>
Package pdftex.def Info: images/exp_005.png  used on input line 211.
(pdftex.def)             Requested size: 452.9679pt x 179.57933pt.
 [10 <c:/Users/boboi/Desktop/ANUL IV/SEM II/LFA/fuzzy-ip-scheduler/documentation/images/exp_004.png> <c:/Users/boboi/Desktop/ANUL IV/SEM II/LFA/fuzzy-ip-scheduler/documentation/images/exp_005.png>]
<images/exp_006.png, id=265, 1473.505pt x 584.1825pt>
File: images/exp_006.png Graphic file (type png)
<use images/exp_006.png>
Package pdftex.def Info: images/exp_006.png  used on input line 228.
(pdftex.def)             Requested size: 452.9679pt x 179.57933pt.
 [11 <c:/Users/boboi/Desktop/ANUL IV/SEM II/LFA/fuzzy-ip-scheduler/documentation/images/exp_006.png>]

Package hyperref Warning: Token not allowed in a PDF string (PDFDocEncoding):
(hyperref)                removing `math shift' on input line 233.


Package hyperref Warning: Token not allowed in a PDF string (PDFDocEncoding):
(hyperref)                removing `subscript' on input line 233.


Package hyperref Warning: Token not allowed in a PDF string (PDFDocEncoding):
(hyperref)                removing `math shift' on input line 233.

<images/exp_007.png, id=272, 1473.505pt x 584.1825pt>
File: images/exp_007.png Graphic file (type png)
<use images/exp_007.png>
Package pdftex.def Info: images/exp_007.png  used on input line 246.
(pdftex.def)             Requested size: 452.9679pt x 179.57933pt.
<images/exp_008.png, id=273, 1473.505pt x 584.1825pt>
File: images/exp_008.png Graphic file (type png)
<use images/exp_008.png>
Package pdftex.def Info: images/exp_008.png  used on input line 262.
(pdftex.def)             Requested size: 452.9679pt x 179.57933pt.
[12 <c:/Users/boboi/Desktop/ANUL IV/SEM II/LFA/fuzzy-ip-scheduler/documentation/images/exp_007.png> <c:/Users/boboi/Desktop/ANUL IV/SEM II/LFA/fuzzy-ip-scheduler/documentation/images/exp_008.png>]
<images/exp_009.png, id=282, 1473.505pt x 584.1825pt>
File: images/exp_009.png Graphic file (type png)
<use images/exp_009.png>
Package pdftex.def Info: images/exp_009.png  used on input line 278.
(pdftex.def)             Requested size: 452.9679pt x 179.57933pt.
<images/exp_010.png, id=283, 1473.505pt x 584.1825pt>
File: images/exp_010.png Graphic file (type png)
<use images/exp_010.png>
Package pdftex.def Info: images/exp_010.png  used on input line 294.
(pdftex.def)             Requested size: 452.9679pt x 179.57933pt.
 [13 <c:/Users/boboi/Desktop/ANUL IV/SEM II/LFA/fuzzy-ip-scheduler/documentation/images/exp_009.png> <c:/Users/boboi/Desktop/ANUL IV/SEM II/LFA/fuzzy-ip-scheduler/documentation/images/exp_010.png>]
<images/exp_011.png, id=293, 1473.505pt x 584.1825pt>
File: images/exp_011.png Graphic file (type png)
<use images/exp_011.png>
Package pdftex.def Info: images/exp_011.png  used on input line 311.
(pdftex.def)             Requested size: 452.9679pt x 179.57933pt.
<images/exp_012.png, id=294, 1473.505pt x 584.1825pt>
File: images/exp_012.png Graphic file (type png)
<use images/exp_012.png>
Package pdftex.def Info: images/exp_012.png  used on input line 326.
(pdftex.def)             Requested size: 452.9679pt x 179.57933pt.
 [14 <c:/Users/boboi/Desktop/ANUL IV/SEM II/LFA/fuzzy-ip-scheduler/documentation/images/exp_011.png> <c:/Users/boboi/Desktop/ANUL IV/SEM II/LFA/fuzzy-ip-scheduler/documentation/images/exp_012.png>]
<images/exp_013.png, id=304, 1473.505pt x 584.1825pt>
File: images/exp_013.png Graphic file (type png)
<use images/exp_013.png>
Package pdftex.def Info: images/exp_013.png  used on input line 342.
(pdftex.def)             Requested size: 452.9679pt x 179.57933pt.
<images/exp_014.png, id=305, 1473.505pt x 584.1825pt>
File: images/exp_014.png Graphic file (type png)
<use images/exp_014.png>
Package pdftex.def Info: images/exp_014.png  used on input line 357.
(pdftex.def)             Requested size: 452.9679pt x 179.57933pt.
 [15 <c:/Users/boboi/Desktop/ANUL IV/SEM II/LFA/fuzzy-ip-scheduler/documentation/images/exp_013.png> <c:/Users/boboi/Desktop/ANUL IV/SEM II/LFA/fuzzy-ip-scheduler/documentation/images/exp_014.png>]
<images/cexp_001_1.png, id=314, 1473.505pt x 584.1825pt>
File: images/cexp_001_1.png Graphic file (type png)
<use images/cexp_001_1.png>
Package pdftex.def Info: images/cexp_001_1.png  used on input line 380.
(pdftex.def)             Requested size: 452.9679pt x 179.57933pt.
<images/cexp_001_2.png, id=315, 1473.505pt x 584.1825pt>
File: images/cexp_001_2.png Graphic file (type png)
<use images/cexp_001_2.png>
Package pdftex.def Info: images/cexp_001_2.png  used on input line 386.
(pdftex.def)             Requested size: 452.9679pt x 179.57933pt.
 [16 <c:/Users/boboi/Desktop/ANUL IV/SEM II/LFA/fuzzy-ip-scheduler/documentation/images/cexp_001_1.png> <c:/Users/boboi/Desktop/ANUL IV/SEM II/LFA/fuzzy-ip-scheduler/documentation/images/cexp_001_2.png>]
<images/cexp_002_1.png, id=324, 1473.505pt x 584.1825pt>
File: images/cexp_002_1.png Graphic file (type png)
<use images/cexp_002_1.png>
Package pdftex.def Info: images/cexp_002_1.png  used on input line 409.
(pdftex.def)             Requested size: 452.9679pt x 179.57933pt.
<images/cexp_002_2.png, id=325, 1473.505pt x 584.1825pt>
File: images/cexp_002_2.png Graphic file (type png)
<use images/cexp_002_2.png>
Package pdftex.def Info: images/cexp_002_2.png  used on input line 415.
(pdftex.def)             Requested size: 452.9679pt x 179.57933pt.
 [17 <c:/Users/boboi/Desktop/ANUL IV/SEM II/LFA/fuzzy-ip-scheduler/documentation/images/cexp_002_1.png> <c:/Users/boboi/Desktop/ANUL IV/SEM II/LFA/fuzzy-ip-scheduler/documentation/images/cexp_002_2.png>]
<images/cexp_003_1.png, id=334, 1473.505pt x 584.1825pt>
File: images/cexp_003_1.png Graphic file (type png)
<use images/cexp_003_1.png>
Package pdftex.def Info: images/cexp_003_1.png  used on input line 436.
(pdftex.def)             Requested size: 452.9679pt x 179.57933pt.
<images/cexp_003_2.png, id=335, 1473.505pt x 584.1825pt>
File: images/cexp_003_2.png Graphic file (type png)
<use images/cexp_003_2.png>
Package pdftex.def Info: images/cexp_003_2.png  used on input line 442.
(pdftex.def)             Requested size: 452.9679pt x 179.57933pt.
 [18 <c:/Users/boboi/Desktop/ANUL IV/SEM II/LFA/fuzzy-ip-scheduler/documentation/images/cexp_003_1.png> <c:/Users/boboi/Desktop/ANUL IV/SEM II/LFA/fuzzy-ip-scheduler/documentation/images/cexp_003_2.png>] [19] [20] (c:/Users/boboi/Desktop/ANUL IV/SEM II/LFA/fuzzy-ip-scheduler/documentation/documentation.aux)
Package rerunfilecheck Info: File `documentation.out' has not changed.
(rerunfilecheck)             Checksum: 2C06830FF4CA263A70B07AD0426FE05A;2584.
 ) 
Here is how much of TeX's memory you used:
 6731 strings out of 479382
 103783 string characters out of 5873307
 422312 words of memory out of 5000000
 23630 multiletter control sequences out of 15000+600000
 409810 words of font info for 48 fonts, out of 8000000 for 9000
 1141 hyphenation exceptions out of 8191
 66i,13n,72p,905b,424s stack positions out of 5000i,500n,10000p,200000b,80000s
{c:/texlive/2020/texmf-dist/fonts/enc/dvips/cm-super/cm-super-ts1.enc}<c:/texlive/2020/texmf-dist/fonts/type1/public/amsfonts/cm/cmbx12.pfb><c:/texlive/2020/texmf-dist/fonts/type1/public/amsfonts/cm/cmbxti10.pfb><c:/texlive/2020/texmf-dist/fonts/type1/public/amsfonts/cm/cmmi10.pfb><c:/texlive/2020/texmf-dist/fonts/type1/public/amsfonts/cm/cmmi12.pfb><c:/texlive/2020/texmf-dist/fonts/type1/public/amsfonts/cm/cmmi8.pfb><c:/texlive/2020/texmf-dist/fonts/type1/public/amsfonts/cm/cmr12.pfb><c:/texlive/2020/texmf-dist/fonts/type1/public/amsfonts/cm/cmr17.pfb><c:/texlive/2020/texmf-dist/fonts/type1/public/amsfonts/cm/cmr7.pfb><c:/texlive/2020/texmf-dist/fonts/type1/public/amsfonts/cm/cmti12.pfb><c:/texlive/2020/texmf-dist/fonts/type1/public/amsfonts/cm/cmtt12.pfb><c:/texlive/2020/texmf-dist/fonts/type1/public/cm-super/sfrm1200.pfb>
Output written on "c:/Users/boboi/Desktop/ANUL IV/SEM II/LFA/fuzzy-ip-scheduler/documentation/documentation.pdf" (20 pages, 740269 bytes).
PDF statistics:
 419 PDF objects out of 1000 (max. 8388607)
 337 compressed objects within 4 object streams
 93 named destinations out of 1000 (max. 500000)
 396 words of extra memory for PDF output out of 10000 (max. 10000000)

